{
  "RSpec": {
    "coverage": {
      "/Users/simon/Projects/bookmark-manager/spec/feature/feature_test_spec.rb": [
        1,
        null,
        1,
        1,
        2,
        null,
        null,
        1,
        1,
        1,
        null,
        null,
        1,
        1,
        1,
        null,
        null,
        null
      ],
      "/Users/simon/Projects/bookmark-manager/spec/feature/user_story_spec.rb": [
        null,
        null,
        null,
        null,
        null,
        null,
        null,
        null,
        null,
        null,
        null,
        null,
        null,
        null,
        null,
        null,
        null,
        null,
        null,
        null,
        null,
        null
      ],
      "/Users/simon/Projects/bookmark-manager/spec/unit/bookmark_spec.rb": [
        1,
        null,
        1,
        1,
        1,
        1,
        null,
        1,
        1,
        1,
        1,
        null,
        null,
        null
      ]
    },
    "timestamp": 1548771675
  }
}
